<?xml version="1.0" encoding="UTF-8"?>
<!-- Generated by org.testng.reporters.JUnitReportReporter -->
<testsuite hostname="SubhanPC" failures="0" tests="11" name="My_Package.Beeceptor_API" time="20.275" errors="0" timestamp="2024-07-19T21:34:21 IST" skipped="0">
  <testcase classname="My_Package.Beeceptor_API" name="List_popular_quote" time="1.564"/>
  <system-out/>
  <testcase classname="My_Package.Beeceptor_API" name="Retrieve_user_details" time="1.304"/>
  <system-out/>
  <testcase classname="My_Package.Beeceptor_API" name="Get_list_standard_roles" time="1.327"/>
  <system-out/>
  <testcase classname="My_Package.Beeceptor_API" name="Retrieve_details_company_ID" time="1.319"/>
  <system-out/>
  <testcase classname="My_Package.Beeceptor_API" name="Get_list_companies" time="4.374"/>
  <system-out/>
  <testcase classname="My_Package.Beeceptor_API" name="Retrieve_comment" time="1.567"/>
  <system-out/>
  <testcase classname="My_Package.Beeceptor_API" name="Retrieve_post_by_ID" time="2.868"/>
  <system-out/>
  <testcase classname="My_Package.Beeceptor_API" name="get_all_emp_data" time="1.243"/>
  <system-out/>
  <testcase classname="My_Package.Beeceptor_API" name="List_countries" time="2.322"/>
  <system-out/>
  <testcase classname="My_Package.Beeceptor_API" name="Listing_all_blog_comments" time="1.011"/>
  <system-out/>
  <testcase classname="My_Package.Beeceptor_API" name="Get_list_users" time="1.376"/>
  <system-out/>
</testsuite> <!-- My_Package.Beeceptor_API -->
