<?xml version="1.0" encoding="UTF-8"?>
<!-- Generated by org.testng.reporters.JUnitReportReporter -->
<testsuite hostname="SubhanPC" failures="0" tests="11" name="My_Package.Beeceptor_API" time="16.350" errors="0" timestamp="2024-07-19T21:36:09 IST" skipped="0">
  <testcase classname="My_Package.Beeceptor_API" name="Get_list_companies" time="4.016"/>
  <system-out/>
  <testcase classname="My_Package.Beeceptor_API" name="List_countries" time="1.210"/>
  <system-out/>
  <testcase classname="My_Package.Beeceptor_API" name="Retrieve_details_company_ID" time="1.202"/>
  <system-out/>
  <testcase classname="My_Package.Beeceptor_API" name="get_all_emp_data" time="1.233"/>
  <system-out/>
  <testcase classname="My_Package.Beeceptor_API" name="Listing_all_blog_comments" time="1.083"/>
  <system-out/>
  <testcase classname="My_Package.Beeceptor_API" name="Retrieve_comment" time="1.154"/>
  <system-out/>
  <testcase classname="My_Package.Beeceptor_API" name="Get_list_standard_roles" time="1.266"/>
  <system-out/>
  <testcase classname="My_Package.Beeceptor_API" name="List_popular_quote" time="1.291"/>
  <system-out/>
  <testcase classname="My_Package.Beeceptor_API" name="Retrieve_post_by_ID" time="1.302"/>
  <system-out/>
  <testcase classname="My_Package.Beeceptor_API" name="Get_list_users" time="1.369"/>
  <system-out/>
  <testcase classname="My_Package.Beeceptor_API" name="Retrieve_user_details" time="1.224"/>
  <system-out/>
</testsuite> <!-- My_Package.Beeceptor_API -->
