<?xml version="1.0" encoding="UTF-8"?>
<!-- Generated by org.testng.reporters.JUnitReportReporter -->
<testsuite hostname="SubhanPC" failures="0" tests="1" name="My_Package.Beeceptor_API" time="3.411" errors="0" timestamp="2024-07-19T18:17:15 IST" skipped="0">
  <testcase classname="My_Package.Beeceptor_API" name="List_pupular_quote" time="3.411"/>
  <system-out/>
</testsuite> <!-- My_Package.Beeceptor_API -->
